TN:
SF:src/controllers/adminController.ts
FN:24,(anonymous_0)
FN:48,(anonymous_1)
FN:56,(anonymous_2)
FN:61,(anonymous_3)
FN:66,(anonymous_4)
FN:91,(anonymous_5)
FN:105,(anonymous_6)
FN:139,(anonymous_7)
FN:153,(anonymous_8)
FN:180,(anonymous_9)
FN:183,(anonymous_10)
FN:205,(anonymous_11)
FN:221,(anonymous_12)
FN:226,(anonymous_13)
FN:231,(anonymous_14)
FN:236,(anonymous_15)
FN:239,(anonymous_16)
FN:265,(anonymous_17)
FN:279,(anonymous_18)
FN:284,(anonymous_19)
FN:287,(anonymous_20)
FN:312,(anonymous_21)
FN:315,(anonymous_22)
FN:338,(anonymous_23)
FN:353,(anonymous_24)
FN:364,(anonymous_25)
FN:386,(anonymous_26)
FN:411,(anonymous_27)
FN:422,(anonymous_28)
FN:427,(anonymous_29)
FN:451,(anonymous_30)
FN:462,(anonymous_31)
FN:467,(anonymous_32)
FN:491,(anonymous_33)
FN:502,(anonymous_34)
FN:526,(anonymous_35)
FN:529,(anonymous_36)
FN:551,(anonymous_37)
FN:580,(anonymous_38)
FN:628,(anonymous_39)
FN:696,(anonymous_40)
FN:699,(anonymous_41)
FN:702,(anonymous_42)
FN:705,(anonymous_43)
FN:708,(anonymous_44)
FN:733,(anonymous_45)
FN:801,(anonymous_46)
FN:836,(anonymous_47)
FN:865,(anonymous_48)
FNF:49
FNH:0
FNDA:0,(anonymous_0)
FNDA:0,(anonymous_1)
FNDA:0,(anonymous_2)
FNDA:0,(anonymous_3)
FNDA:0,(anonymous_4)
FNDA:0,(anonymous_5)
FNDA:0,(anonymous_6)
FNDA:0,(anonymous_7)
FNDA:0,(anonymous_8)
FNDA:0,(anonymous_9)
FNDA:0,(anonymous_10)
FNDA:0,(anonymous_11)
FNDA:0,(anonymous_12)
FNDA:0,(anonymous_13)
FNDA:0,(anonymous_14)
FNDA:0,(anonymous_15)
FNDA:0,(anonymous_16)
FNDA:0,(anonymous_17)
FNDA:0,(anonymous_18)
FNDA:0,(anonymous_19)
FNDA:0,(anonymous_20)
FNDA:0,(anonymous_21)
FNDA:0,(anonymous_22)
FNDA:0,(anonymous_23)
FNDA:0,(anonymous_24)
FNDA:0,(anonymous_25)
FNDA:0,(anonymous_26)
FNDA:0,(anonymous_27)
FNDA:0,(anonymous_28)
FNDA:0,(anonymous_29)
FNDA:0,(anonymous_30)
FNDA:0,(anonymous_31)
FNDA:0,(anonymous_32)
FNDA:0,(anonymous_33)
FNDA:0,(anonymous_34)
FNDA:0,(anonymous_35)
FNDA:0,(anonymous_36)
FNDA:0,(anonymous_37)
FNDA:0,(anonymous_38)
FNDA:0,(anonymous_39)
FNDA:0,(anonymous_40)
FNDA:0,(anonymous_41)
FNDA:0,(anonymous_42)
FNDA:0,(anonymous_43)
FNDA:0,(anonymous_44)
FNDA:0,(anonymous_45)
FNDA:0,(anonymous_46)
FNDA:0,(anonymous_47)
FNDA:0,(anonymous_48)
DA:2,0
DA:3,0
DA:4,0
DA:24,0
DA:25,0
DA:26,0
DA:27,0
DA:28,0
DA:42,0
DA:44,0
DA:47,0
DA:48,0
DA:49,0
DA:55,0
DA:56,0
DA:60,0
DA:61,0
DA:65,0
DA:66,0
DA:70,0
DA:71,0
DA:72,0
DA:74,0
DA:84,0
DA:91,0
DA:92,0
DA:93,0
DA:94,0
DA:95,0
DA:102,0
DA:105,0
DA:106,0
DA:107,0
DA:114,0
DA:125,0
DA:132,0
DA:139,0
DA:140,0
DA:141,0
DA:142,0
DA:143,0
DA:150,0
DA:151,0
DA:153,0
DA:154,0
DA:155,0
DA:162,0
DA:168,0
DA:173,0
DA:180,0
DA:181,0
DA:182,0
DA:183,0
DA:185,0
DA:186,0
DA:193,0
DA:195,0
DA:197,0
DA:205,0
DA:206,0
DA:215,0
DA:217,0
DA:220,0
DA:221,0
DA:225,0
DA:226,0
DA:230,0
DA:231,0
DA:235,0
DA:236,0
DA:238,0
DA:239,0
DA:243,0
DA:244,0
DA:245,0
DA:247,0
DA:257,0
DA:265,0
DA:266,0
DA:273,0
DA:275,0
DA:278,0
DA:279,0
DA:283,0
DA:284,0
DA:286,0
DA:287,0
DA:291,0
DA:292,0
DA:293,0
DA:295,0
DA:305,0
DA:312,0
DA:313,0
DA:314,0
DA:315,0
DA:317,0
DA:318,0
DA:325,0
DA:326,0
DA:328,0
DA:330,0
DA:338,0
DA:339,0
DA:340,0
DA:343,0
DA:345,0
DA:353,0
DA:354,0
DA:355,0
DA:357,0
DA:364,0
DA:365,0
DA:366,0
DA:367,0
DA:369,0
DA:371,0
DA:381,0
DA:383,0
DA:386,0
DA:387,0
DA:388,0
DA:394,0
DA:400,0
DA:403,0
DA:411,0
DA:412,0
DA:413,0
DA:415,0
DA:422,0
DA:423,0
DA:424,0
DA:425,0
DA:427,0
DA:428,0
DA:429,0
DA:435,0
DA:441,0
DA:443,0
DA:451,0
DA:452,0
DA:453,0
DA:455,0
DA:462,0
DA:463,0
DA:464,0
DA:465,0
DA:467,0
DA:468,0
DA:469,0
DA:475,0
DA:481,0
DA:483,0
DA:491,0
DA:492,0
DA:493,0
DA:495,0
DA:502,0
DA:503,0
DA:505,0
DA:515,0
DA:517,0
DA:519,0
DA:526,0
DA:527,0
DA:528,0
DA:529,0
DA:531,0
DA:532,0
DA:539,0
DA:540,0
DA:541,0
DA:543,0
DA:551,0
DA:552,0
DA:553,0
DA:556,0
DA:563,0
DA:564,0
DA:565,0
DA:567,0
DA:569,0
DA:572,0
DA:580,0
DA:581,0
DA:583,0
DA:616,0
DA:621,0
DA:628,0
DA:629,0
DA:640,0
DA:643,0
DA:692,0
DA:695,0
DA:696,0
DA:698,0
DA:699,0
DA:701,0
DA:702,0
DA:704,0
DA:705,0
DA:707,0
DA:708,0
DA:712,0
DA:713,0
DA:714,0
DA:716,0
DA:726,0
DA:733,0
DA:734,0
DA:735,0
DA:738,0
DA:789,0
DA:794,0
DA:801,0
DA:802,0
DA:804,0
DA:827,0
DA:829,0
DA:836,0
DA:837,0
DA:838,0
DA:839,0
DA:840,0
DA:847,0
DA:850,0
DA:856,0
DA:858,0
DA:865,0
DA:866,0
DA:867,0
DA:870,0
DA:890,0
DA:891,0
DA:892,0
DA:894,0
DA:896,0
DA:899,0
LF:238
LH:0
BRDA:27,0,0,0
BRDA:36,1,0,0
BRDA:37,2,0,0
BRDA:47,3,0,0
BRDA:49,4,0,0
BRDA:49,4,1,0
BRDA:55,5,0,0
BRDA:60,6,0,0
BRDA:65,7,0,0
BRDA:94,8,0,0
BRDA:106,9,0,0
BRDA:119,10,0,0
BRDA:119,10,1,0
BRDA:142,11,0,0
BRDA:154,12,0,0
BRDA:185,13,0,0
BRDA:208,14,0,0
BRDA:209,15,0,0
BRDA:220,16,0,0
BRDA:225,17,0,0
BRDA:230,18,0,0
BRDA:235,19,0,0
BRDA:238,20,0,0
BRDA:268,21,0,0
BRDA:269,22,0,0
BRDA:278,23,0,0
BRDA:283,24,0,0
BRDA:286,25,0,0
BRDA:317,26,0,0
BRDA:369,27,0,0
BRDA:369,27,1,0
BRDA:387,28,0,0
BRDA:428,29,0,0
BRDA:468,30,0,0
BRDA:531,31,0,0
BRDA:553,32,0,0
BRDA:553,33,0,0
BRDA:563,34,0,0
BRDA:563,34,1,0
BRDA:631,35,0,0
BRDA:632,36,0,0
BRDA:695,37,0,0
BRDA:698,38,0,0
BRDA:701,39,0,0
BRDA:704,40,0,0
BRDA:707,41,0,0
BRDA:735,42,0,0
BRDA:839,43,0,0
BRDA:867,44,0,0
BRDA:890,45,0,0
BRDA:890,45,1,0
BRF:51
BRH:0
end_of_record
TN:
SF:src/controllers/integrationController.ts
FN:96,(anonymous_0)
FN:98,(anonymous_1)
FN:99,(anonymous_2)
FN:102,(anonymous_3)
FN:106,(anonymous_4)
FN:119,(anonymous_5)
FN:136,(anonymous_6)
FN:139,(anonymous_7)
FN:163,(anonymous_8)
FN:196,(anonymous_9)
FN:201,(anonymous_10)
FN:230,(anonymous_11)
FN:234,(anonymous_12)
FN:258,(anonymous_13)
FN:265,(anonymous_14)
FN:269,(anonymous_15)
FN:273,(anonymous_16)
FN:305,(anonymous_17)
FN:312,(anonymous_18)
FN:330,(anonymous_19)
FN:362,(anonymous_20)
FN:381,(anonymous_21)
FN:385,(anonymous_22)
FNF:23
FNH:0
FNDA:0,(anonymous_0)
FNDA:0,(anonymous_1)
FNDA:0,(anonymous_2)
FNDA:0,(anonymous_3)
FNDA:0,(anonymous_4)
FNDA:0,(anonymous_5)
FNDA:0,(anonymous_6)
FNDA:0,(anonymous_7)
FNDA:0,(anonymous_8)
FNDA:0,(anonymous_9)
FNDA:0,(anonymous_10)
FNDA:0,(anonymous_11)
FNDA:0,(anonymous_12)
FNDA:0,(anonymous_13)
FNDA:0,(anonymous_14)
FNDA:0,(anonymous_15)
FNDA:0,(anonymous_16)
FNDA:0,(anonymous_17)
FNDA:0,(anonymous_18)
FNDA:0,(anonymous_19)
FNDA:0,(anonymous_20)
FNDA:0,(anonymous_21)
FNDA:0,(anonymous_22)
DA:5,0
DA:42,0
DA:72,0
DA:96,0
DA:97,0
DA:98,0
DA:99,0
DA:100,0
DA:102,0
DA:103,0
DA:105,0
DA:106,0
DA:108,0
DA:119,0
DA:120,0
DA:121,0
DA:127,0
DA:136,0
DA:137,0
DA:138,0
DA:139,0
DA:141,0
DA:142,0
DA:148,0
DA:154,0
DA:163,0
DA:164,0
DA:165,0
DA:167,0
DA:179,0
DA:181,0
DA:187,0
DA:196,0
DA:197,0
DA:198,0
DA:199,0
DA:201,0
DA:202,0
DA:203,0
DA:209,0
DA:215,0
DA:221,0
DA:230,0
DA:231,0
DA:232,0
DA:234,0
DA:235,0
DA:236,0
DA:242,0
DA:244,0
DA:249,0
DA:258,0
DA:259,0
DA:260,0
DA:262,0
DA:264,0
DA:265,0
DA:268,0
DA:269,0
DA:273,0
DA:276,0
DA:277,0
DA:278,0
DA:279,0
DA:280,0
DA:282,0
DA:296,0
DA:305,0
DA:306,0
DA:307,0
DA:309,0
DA:311,0
DA:312,0
DA:315,0
DA:321,0
DA:330,0
DA:331,0
DA:332,0
DA:334,0
DA:345,0
DA:347,0
DA:353,0
DA:362,0
DA:363,0
DA:364,0
DA:366,0
DA:372,0
DA:381,0
DA:382,0
DA:383,0
DA:385,0
DA:386,0
DA:387,0
DA:395,0
DA:403,0
DA:413,0
DA:415,0
DA:421,0
LF:98
LH:0
BRDA:103,0,0,0
BRDA:103,0,1,0
BRDA:130,1,0,0
BRDA:130,1,1,0
BRDA:141,2,0,0
BRDA:157,3,0,0
BRDA:157,3,1,0
BRDA:190,4,0,0
BRDA:190,4,1,0
BRDA:202,5,0,0
BRDA:224,6,0,0
BRDA:224,6,1,0
BRDA:235,7,0,0
BRDA:252,8,0,0
BRDA:252,8,1,0
BRDA:260,9,0,0
BRDA:260,10,0,0
BRDA:264,11,0,0
BRDA:268,12,0,0
BRDA:299,13,0,0
BRDA:299,13,1,0
BRDA:311,14,0,0
BRDA:324,15,0,0
BRDA:324,15,1,0
BRDA:356,16,0,0
BRDA:356,16,1,0
BRDA:375,17,0,0
BRDA:375,17,1,0
BRDA:386,18,0,0
BRDA:424,19,0,0
BRDA:424,19,1,0
BRF:31
BRH:0
end_of_record
TN:
SF:src/controllers/personalController.ts
FN:8,(anonymous_1)
FN:12,(anonymous_2)
FN:34,(anonymous_3)
FN:39,(anonymous_4)
FN:70,(anonymous_5)
FN:81,(anonymous_6)
FN:126,(anonymous_7)
FN:130,(anonymous_8)
FN:174,(anonymous_9)
FN:206,(anonymous_10)
FN:232,(anonymous_11)
FN:259,(anonymous_12)
FN:284,(anonymous_13)
FN:317,(anonymous_14)
FN:343,(anonymous_15)
FN:370,(anonymous_16)
FN:395,(anonymous_17)
FN:443,(anonymous_18)
FN:476,(anonymous_19)
FN:492,(anonymous_20)
FN:510,(anonymous_21)
FN:550,(anonymous_22)
FN:578,(anonymous_23)
FN:582,(anonymous_24)
FN:613,(anonymous_25)
FN:618,(anonymous_26)
FN:641,(anonymous_27)
FNF:27
FNH:11
FNDA:3,(anonymous_1)
FNDA:5,(anonymous_2)
FNDA:3,(anonymous_3)
FNDA:5,(anonymous_4)
FNDA:3,(anonymous_5)
FNDA:4,(anonymous_6)
FNDA:2,(anonymous_7)
FNDA:4,(anonymous_8)
FNDA:1,(anonymous_9)
FNDA:0,(anonymous_10)
FNDA:0,(anonymous_11)
FNDA:0,(anonymous_12)
FNDA:0,(anonymous_13)
FNDA:0,(anonymous_14)
FNDA:0,(anonymous_15)
FNDA:0,(anonymous_16)
FNDA:1,(anonymous_17)
FNDA:1,(anonymous_18)
FNDA:0,(anonymous_19)
FNDA:0,(anonymous_20)
FNDA:0,(anonymous_21)
FNDA:0,(anonymous_22)
FNDA:0,(anonymous_23)
FNDA:0,(anonymous_24)
FNDA:0,(anonymous_25)
FNDA:0,(anonymous_26)
FNDA:0,(anonymous_27)
DA:2,1
DA:3,1
DA:4,1
DA:6,1
DA:9,3
DA:10,3
DA:12,5
DA:14,3
DA:15,1
DA:21,2
DA:26,0
DA:27,0
DA:35,3
DA:36,3
DA:37,3
DA:39,5
DA:40,3
DA:41,1
DA:47,2
DA:55,2
DA:61,0
DA:62,0
DA:71,3
DA:72,3
DA:74,3
DA:75,1
DA:81,4
DA:82,2
DA:83,1
DA:90,1
DA:91,1
DA:92,1
DA:93,1
DA:94,0
DA:99,1
DA:102,1
DA:108,1
DA:117,0
DA:118,0
DA:127,2
DA:128,2
DA:130,4
DA:131,2
DA:132,1
DA:138,1
DA:139,1
DA:140,0
DA:147,1
DA:148,1
DA:149,0
DA:153,1
DA:159,1
DA:165,0
DA:166,0
DA:175,1
DA:176,1
DA:179,1
DA:193,1
DA:198,0
DA:199,0
DA:207,0
DA:208,0
DA:209,0
DA:212,0
DA:217,0
DA:223,0
DA:224,0
DA:233,0
DA:234,0
DA:236,0
DA:246,0
DA:251,0
DA:252,0
DA:260,0
DA:261,0
DA:262,0
DA:264,0
DA:269,0
DA:275,0
DA:276,0
DA:285,0
DA:286,0
DA:288,0
DA:298,0
DA:304,0
DA:309,0
DA:310,0
DA:318,0
DA:319,0
DA:320,0
DA:322,0
DA:328,0
DA:334,0
DA:335,0
DA:344,0
DA:345,0
DA:347,0
DA:357,0
DA:362,0
DA:363,0
DA:371,0
DA:372,0
DA:373,0
DA:375,0
DA:380,0
DA:386,0
DA:387,0
DA:396,1
DA:397,1
DA:398,1
DA:401,1
DA:420,1
DA:422,1
DA:435,0
DA:436,0
DA:444,1
DA:445,1
DA:446,1
DA:448,1
DA:462,1
DA:467,0
DA:468,0
DA:477,0
DA:478,0
DA:479,0
DA:481,0
DA:492,0
DA:493,0
DA:496,0
DA:502,0
DA:503,0
DA:511,0
DA:512,0
DA:513,0
DA:515,0
DA:527,0
DA:529,0
DA:542,0
DA:543,0
DA:551,0
DA:552,0
DA:553,0
DA:555,0
DA:562,0
DA:569,0
DA:570,0
DA:579,0
DA:580,0
DA:582,0
DA:584,0
DA:585,0
DA:591,0
DA:600,0
DA:605,0
DA:606,0
DA:614,0
DA:615,0
DA:616,0
DA:618,0
DA:620,0
DA:621,0
DA:628,0
DA:633,0
DA:634,0
DA:642,0
DA:643,0
DA:644,0
DA:646,0
DA:651,0
DA:652,0
LF:170
LH:58
BRDA:10,0,0,3
BRDA:10,0,1,1
BRDA:14,1,0,1
BRDA:36,2,0,3
BRDA:36,2,1,0
BRDA:40,3,0,1
BRDA:49,4,0,2
BRDA:49,4,1,0
BRDA:50,5,0,2
BRDA:50,5,1,1
BRDA:51,6,0,2
BRDA:51,6,1,1
BRDA:72,7,0,3
BRDA:72,7,1,0
BRDA:74,8,0,1
BRDA:82,9,0,1
BRDA:91,10,0,1
BRDA:93,11,0,0
BRDA:128,12,0,2
BRDA:128,12,1,0
BRDA:131,13,0,1
BRDA:139,14,0,0
BRDA:148,15,0,0
BRDA:176,16,0,1
BRDA:176,16,1,0
BRDA:208,17,0,0
BRDA:208,17,1,0
BRDA:234,18,0,0
BRDA:234,18,1,0
BRDA:261,19,0,0
BRDA:261,19,1,0
BRDA:286,20,0,0
BRDA:286,20,1,0
BRDA:319,21,0,0
BRDA:319,21,1,0
BRDA:324,22,0,0
BRDA:324,22,1,0
BRDA:325,23,0,0
BRDA:325,23,1,0
BRDA:345,24,0,0
BRDA:345,24,1,0
BRDA:372,25,0,0
BRDA:372,25,1,0
BRDA:397,26,0,1
BRDA:397,26,1,0
BRDA:398,27,0,0
BRDA:398,28,0,0
BRDA:445,29,0,1
BRDA:445,29,1,0
BRDA:478,30,0,0
BRDA:478,30,1,0
BRDA:512,31,0,0
BRDA:512,31,1,0
BRDA:513,32,0,0
BRDA:513,33,0,0
BRDA:552,34,0,0
BRDA:552,34,1,0
BRDA:580,35,0,0
BRDA:580,35,1,0
BRDA:584,36,0,0
BRDA:615,37,0,0
BRDA:615,37,1,0
BRDA:620,38,0,0
BRDA:643,39,0,0
BRDA:643,39,1,0
BRDA:648,40,0,0
BRDA:648,40,1,0
BRF:67
BRH:19
end_of_record
TN:
SF:src/controllers/statisticsController.ts
FN:7,(anonymous_0)
FN:32,(anonymous_1)
FN:38,(anonymous_2)
FN:39,(anonymous_3)
FN:40,(anonymous_4)
FN:45,(anonymous_5)
FN:45,(anonymous_6)
FN:45,(anonymous_7)
FN:45,(anonymous_8)
FN:46,(anonymous_9)
FN:46,(anonymous_10)
FN:46,(anonymous_11)
FN:46,(anonymous_12)
FN:47,(anonymous_13)
FN:47,(anonymous_14)
FN:47,(anonymous_15)
FN:47,(anonymous_16)
FN:48,(anonymous_17)
FN:48,(anonymous_18)
FN:48,(anonymous_19)
FN:48,(anonymous_20)
FN:49,(anonymous_21)
FN:49,(anonymous_22)
FN:49,(anonymous_23)
FN:49,(anonymous_24)
FN:50,(anonymous_25)
FN:50,(anonymous_26)
FN:50,(anonymous_27)
FN:50,(anonymous_28)
FN:60,(anonymous_29)
FN:60,(anonymous_30)
FN:60,(anonymous_31)
FN:61,(anonymous_32)
FN:62,(anonymous_33)
FN:66,(anonymous_34)
FN:67,(anonymous_35)
FN:78,(anonymous_36)
FN:78,(anonymous_37)
FN:79,(anonymous_38)
FN:80,(anonymous_39)
FN:84,(anonymous_40)
FN:85,(anonymous_41)
FN:120,(anonymous_42)
FN:172,(anonymous_43)
FNF:44
FNH:0
FNDA:0,(anonymous_0)
FNDA:0,(anonymous_1)
FNDA:0,(anonymous_2)
FNDA:0,(anonymous_3)
FNDA:0,(anonymous_4)
FNDA:0,(anonymous_5)
FNDA:0,(anonymous_6)
FNDA:0,(anonymous_7)
FNDA:0,(anonymous_8)
FNDA:0,(anonymous_9)
FNDA:0,(anonymous_10)
FNDA:0,(anonymous_11)
FNDA:0,(anonymous_12)
FNDA:0,(anonymous_13)
FNDA:0,(anonymous_14)
FNDA:0,(anonymous_15)
FNDA:0,(anonymous_16)
FNDA:0,(anonymous_17)
FNDA:0,(anonymous_18)
FNDA:0,(anonymous_19)
FNDA:0,(anonymous_20)
FNDA:0,(anonymous_21)
FNDA:0,(anonymous_22)
FNDA:0,(anonymous_23)
FNDA:0,(anonymous_24)
FNDA:0,(anonymous_25)
FNDA:0,(anonymous_26)
FNDA:0,(anonymous_27)
FNDA:0,(anonymous_28)
FNDA:0,(anonymous_29)
FNDA:0,(anonymous_30)
FNDA:0,(anonymous_31)
FNDA:0,(anonymous_32)
FNDA:0,(anonymous_33)
FNDA:0,(anonymous_34)
FNDA:0,(anonymous_35)
FNDA:0,(anonymous_36)
FNDA:0,(anonymous_37)
FNDA:0,(anonymous_38)
FNDA:0,(anonymous_39)
FNDA:0,(anonymous_40)
FNDA:0,(anonymous_41)
FNDA:0,(anonymous_42)
FNDA:0,(anonymous_43)
DA:3,0
DA:5,0
DA:8,0
DA:9,0
DA:12,0
DA:14,0
DA:20,0
DA:22,0
DA:23,0
DA:33,0
DA:34,0
DA:37,0
DA:38,0
DA:39,0
DA:40,0
DA:41,0
DA:44,0
DA:45,0
DA:46,0
DA:47,0
DA:48,0
DA:49,0
DA:50,0
DA:59,0
DA:60,0
DA:61,0
DA:62,0
DA:63,0
DA:66,0
DA:67,0
DA:77,0
DA:78,0
DA:79,0
DA:80,0
DA:81,0
DA:84,0
DA:85,0
DA:89,0
DA:102,0
DA:108,0
DA:110,0
DA:111,0
DA:121,0
DA:122,0
DA:125,0
DA:154,0
DA:160,0
DA:162,0
DA:163,0
DA:173,0
DA:175,0
DA:177,0
DA:183,0
DA:185,0
DA:186,0
LF:55
LH:0
BRDA:41,0,0,0
BRDA:41,0,1,0
BRDA:45,1,0,0
BRDA:45,1,1,0
BRDA:45,2,0,0
BRDA:45,2,1,0
BRDA:46,3,0,0
BRDA:46,3,1,0
BRDA:46,4,0,0
BRDA:46,4,1,0
BRDA:47,5,0,0
BRDA:47,5,1,0
BRDA:47,6,0,0
BRDA:47,6,1,0
BRDA:48,7,0,0
BRDA:48,7,1,0
BRDA:48,8,0,0
BRDA:48,8,1,0
BRDA:49,9,0,0
BRDA:49,9,1,0
BRDA:49,10,0,0
BRDA:49,10,1,0
BRDA:50,11,0,0
BRDA:50,11,1,0
BRDA:50,12,0,0
BRDA:50,12,1,0
BRDA:67,13,0,0
BRDA:67,13,1,0
BRDA:85,14,0,0
BRDA:85,14,1,0
BRF:30
BRH:0
end_of_record
TN:
SF:src/data/mockData.ts
FN:53,(anonymous_0)
FN:82,(anonymous_1)
FN:86,(anonymous_2)
FN:121,(anonymous_3)
FN:157,(anonymous_4)
FN:209,(anonymous_5)
FN:261,(anonymous_6)
FN:313,(anonymous_7)
FN:338,(anonymous_8)
FNF:9
FNH:9
FNDA:2,(anonymous_0)
FNDA:1,(anonymous_1)
FNDA:150,(anonymous_2)
FNDA:1,(anonymous_3)
FNDA:1,(anonymous_4)
FNDA:1,(anonymous_5)
FNDA:1,(anonymous_6)
FNDA:1,(anonymous_7)
FNDA:1,(anonymous_8)
DA:1,1
DA:14,1
DA:53,1
DA:54,2
DA:55,2
DA:56,2
DA:57,2
DA:59,2
DA:60,300
DA:76,300
DA:78,2
DA:82,1
DA:83,1
DA:84,1
DA:86,1
DA:87,150
DA:114,150
DA:117,1
DA:121,1
DA:122,1
DA:123,1
DA:124,1
DA:125,1
DA:126,1
DA:128,1
DA:129,50
DA:151,50
DA:153,1
DA:157,1
DA:158,1
DA:159,1
DA:160,1
DA:161,1
DA:162,1
DA:164,1
DA:165,10
DA:203,10
DA:205,1
DA:209,1
DA:210,1
DA:211,1
DA:212,1
DA:213,1
DA:214,1
DA:216,1
DA:217,10
DA:255,10
DA:257,1
DA:261,1
DA:262,1
DA:263,1
DA:264,1
DA:265,1
DA:266,1
DA:268,1
DA:269,10
DA:307,10
DA:309,1
DA:313,1
DA:314,1
DA:315,1
DA:316,1
DA:317,1
DA:319,1
DA:320,25
DA:332,25
DA:334,1
DA:338,1
DA:339,1
DA:340,1
DA:341,1
DA:343,1
DA:344,100
DA:358,100
DA:360,1
DA:364,1
DA:394,1
DA:419,1
DA:420,1
DA:421,1
DA:427,1
DA:428,1
DA:431,1
DA:480,1
DA:514,1
DA:545,1
DA:589,1
LF:87
LH:87
BRF:0
BRH:0
end_of_record
TN:
SF:src/database/connection.ts
FNF:0
FNH:0
DA:1,0
DA:3,0
DA:11,0
LF:3
LH:0
BRDA:4,0,0,0
BRDA:4,0,1,0
BRDA:5,1,0,0
BRDA:5,1,1,0
BRDA:6,2,0,0
BRDA:6,2,1,0
BRDA:7,3,0,0
BRDA:7,3,1,0
BRDA:8,4,0,0
BRDA:8,4,1,0
BRF:10
BRH:0
end_of_record
TN:
SF:src/middleware/auth.ts
FN:79,(anonymous_0)
FN:88,(anonymous_1)
FN:89,(anonymous_2)
FN:95,(anonymous_3)
FNF:4
FNH:4
FNDA:3,(anonymous_0)
FNDA:4,(anonymous_1)
FNDA:4,(anonymous_2)
FNDA:3,(anonymous_3)
DA:79,1
DA:85,3
DA:88,1
DA:89,4
DA:91,4
DA:95,1
DA:97,3
LF:7
LH:7
BRF:0
BRH:0
end_of_record
TN:
SF:src/middleware/upload.ts
FN:19,(anonymous_1)
FN:22,(anonymous_2)
FN:31,(anonymous_3)
FN:51,(anonymous_4)
FNF:4
FNH:1
FNDA:0,(anonymous_1)
FNDA:0,(anonymous_2)
FNDA:0,(anonymous_3)
FNDA:4,(anonymous_4)
DA:1,1
DA:2,1
DA:3,1
DA:6,1
DA:7,1
DA:10,1
DA:11,0
DA:13,1
DA:14,0
DA:18,1
DA:20,0
DA:23,0
DA:24,0
DA:25,0
DA:26,0
DA:31,1
DA:33,0
DA:34,0
DA:36,0
DA:41,1
DA:44,1
DA:51,1
DA:52,4
DA:53,3
DA:58,1
LF:25
LH:15
BRDA:10,0,0,0
BRDA:13,1,0,0
BRDA:23,2,0,0
BRDA:23,2,1,0
BRDA:33,3,0,0
BRDA:33,3,1,0
BRDA:52,4,0,3
BRF:7
BRH:1
end_of_record
TN:
SF:src/routes/admin.ts
FNF:0
FNH:0
DA:1,0
DA:2,0
DA:3,0
DA:31,0
DA:34,0
DA:35,0
DA:38,0
DA:39,0
DA:40,0
DA:41,0
DA:44,0
DA:47,0
DA:48,0
DA:51,0
DA:54,0
DA:55,0
DA:58,0
DA:59,0
DA:62,0
DA:63,0
DA:66,0
DA:67,0
DA:68,0
DA:71,0
DA:74,0
DA:75,0
DA:76,0
DA:77,0
DA:78,0
DA:79,0
DA:81,0
LF:31
LH:0
BRF:0
BRH:0
end_of_record
TN:
SF:src/routes/auth.ts
FN:177,(anonymous_0)
FN:181,(anonymous_1)
FN:185,(anonymous_2)
FN:189,(anonymous_3)
FNF:4
FNH:0
FNDA:0,(anonymous_0)
FNDA:0,(anonymous_1)
FNDA:0,(anonymous_2)
FNDA:0,(anonymous_3)
DA:6,0
DA:13,0
DA:177,0
DA:178,0
DA:181,0
DA:182,0
DA:185,0
DA:186,0
DA:189,0
DA:190,0
DA:193,0
LF:11
LH:0
BRF:0
BRH:0
end_of_record
TN:
SF:src/routes/bids.ts
FN:19,(anonymous_0)
FN:50,(anonymous_1)
FN:58,(anonymous_2)
FN:63,(anonymous_3)
FN:68,(anonymous_4)
FN:75,(anonymous_5)
FN:78,(anonymous_6)
FN:83,(anonymous_7)
FN:86,(anonymous_8)
FN:90,(anonymous_9)
FN:134,(anonymous_10)
FN:147,(anonymous_11)
FN:173,(anonymous_12)
FN:212,(anonymous_13)
FNF:14
FNH:0
FNDA:0,(anonymous_0)
FNDA:0,(anonymous_1)
FNDA:0,(anonymous_2)
FNDA:0,(anonymous_3)
FNDA:0,(anonymous_4)
FNDA:0,(anonymous_5)
FNDA:0,(anonymous_6)
FNDA:0,(anonymous_7)
FNDA:0,(anonymous_8)
FNDA:0,(anonymous_9)
FNDA:0,(anonymous_10)
FNDA:0,(anonymous_11)
FNDA:0,(anonymous_12)
FNDA:0,(anonymous_13)
DA:1,0
DA:2,0
DA:3,0
DA:4,0
DA:12,0
DA:15,0
DA:20,0
DA:21,0
DA:22,0
DA:23,0
DA:28,0
DA:44,0
DA:46,0
DA:49,0
DA:50,0
DA:51,0
DA:57,0
DA:58,0
DA:62,0
DA:63,0
DA:67,0
DA:68,0
DA:69,0
DA:74,0
DA:75,0
DA:77,0
DA:78,0
DA:82,0
DA:83,0
DA:85,0
DA:86,0
DA:90,0
DA:91,0
DA:92,0
DA:94,0
DA:95,0
DA:96,0
DA:99,0
DA:100,0
DA:102,0
DA:107,0
DA:108,0
DA:109,0
DA:111,0
DA:121,0
DA:123,0
DA:127,0
DA:132,0
DA:135,0
DA:136,0
DA:137,0
DA:138,0
DA:143,0
DA:146,0
DA:147,0
DA:149,0
DA:150,0
DA:154,0
DA:157,0
DA:158,0
DA:160,0
DA:164,0
DA:169,0
DA:174,0
DA:175,0
DA:176,0
DA:177,0
DA:182,0
DA:185,0
DA:188,0
DA:196,0
DA:197,0
DA:199,0
DA:203,0
DA:208,0
DA:213,0
DA:214,0
DA:215,0
DA:216,0
DA:221,0
DA:224,0
DA:227,0
DA:228,0
DA:230,0
DA:234,0
DA:238,0
LF:86
LH:0
BRDA:22,0,0,0
BRDA:32,1,0,0
BRDA:33,2,0,0
BRDA:42,3,0,0
BRDA:43,4,0,0
BRDA:49,5,0,0
BRDA:51,6,0,0
BRDA:51,6,1,0
BRDA:51,6,2,0
BRDA:57,7,0,0
BRDA:62,8,0,0
BRDA:67,9,0,0
BRDA:69,10,0,0
BRDA:69,10,1,0
BRDA:74,11,0,0
BRDA:75,12,0,0
BRDA:75,12,1,0
BRDA:77,13,0,0
BRDA:78,14,0,0
BRDA:78,14,1,0
BRDA:82,15,0,0
BRDA:83,16,0,0
BRDA:83,16,1,0
BRDA:85,17,0,0
BRDA:86,18,0,0
BRDA:86,18,1,0
BRDA:94,19,0,0
BRDA:94,20,0,0
BRDA:94,20,1,0
BRDA:99,21,0,0
BRDA:99,21,1,0
BRDA:100,22,0,0
BRDA:100,22,1,0
BRDA:102,23,0,0
BRDA:102,23,1,0
BRDA:137,24,0,0
BRDA:149,25,0,0
BRDA:176,26,0,0
BRDA:185,27,0,0
BRDA:215,28,0,0
BRF:40
BRH:0
end_of_record
TN:
SF:src/routes/files.ts
FN:9,(anonymous_0)
FN:36,(anonymous_1)
FNF:2
FNH:0
FNDA:0,(anonymous_0)
FNDA:0,(anonymous_1)
DA:1,0
DA:2,0
DA:3,0
DA:6,0
DA:9,0
DA:10,0
DA:12,0
DA:22,0
DA:23,0
DA:25,0
DA:29,0
DA:34,0
DA:37,0
DA:38,0
DA:39,0
DA:40,0
DA:45,0
DA:48,0
DA:51,0
DA:52,0
DA:53,0
DA:56,0
DA:58,0
DA:62,0
DA:66,0
LF:25
LH:0
BRDA:39,0,0,0
BRF:1
BRH:0
end_of_record
TN:
SF:src/routes/integration.ts
FNF:0
FNH:0
DA:1,0
DA:2,0
DA:15,0
DA:18,0
DA:21,0
DA:22,0
DA:23,0
DA:24,0
DA:25,0
DA:28,0
DA:31,0
DA:34,0
DA:35,0
DA:37,0
LF:14
LH:0
BRF:0
BRH:0
end_of_record
TN:
SF:src/routes/notifications.ts
FN:9,(anonymous_1)
FN:26,(anonymous_2)
FN:30,(anonymous_3)
FN:34,(anonymous_4)
FN:38,(anonymous_5)
FN:43,(anonymous_6)
FN:47,(anonymous_7)
FN:51,(anonymous_8)
FN:79,(anonymous_9)
FN:84,(anonymous_10)
FN:115,(anonymous_11)
FN:127,(anonymous_12)
FN:128,(anonymous_13)
FN:152,(anonymous_14)
FN:155,(anonymous_15)
FN:156,(anonymous_16)
FN:157,(anonymous_17)
FN:158,(anonymous_18)
FN:159,(anonymous_19)
FN:181,(anonymous_20)
FN:215,(anonymous_21)
FNF:21
FNH:0
FNDA:0,(anonymous_1)
FNDA:0,(anonymous_2)
FNDA:0,(anonymous_3)
FNDA:0,(anonymous_4)
FNDA:0,(anonymous_5)
FNDA:0,(anonymous_6)
FNDA:0,(anonymous_7)
FNDA:0,(anonymous_8)
FNDA:0,(anonymous_9)
FNDA:0,(anonymous_10)
FNDA:0,(anonymous_11)
FNDA:0,(anonymous_12)
FNDA:0,(anonymous_13)
FNDA:0,(anonymous_14)
FNDA:0,(anonymous_15)
FNDA:0,(anonymous_16)
FNDA:0,(anonymous_17)
FNDA:0,(anonymous_18)
FNDA:0,(anonymous_19)
FNDA:0,(anonymous_20)
FNDA:0,(anonymous_21)
DA:1,0
DA:2,0
DA:3,0
DA:4,0
DA:6,0
DA:9,0
DA:10,0
DA:20,0
DA:22,0
DA:25,0
DA:26,0
DA:29,0
DA:30,0
DA:33,0
DA:34,0
DA:37,0
DA:38,0
DA:42,0
DA:43,0
DA:46,0
DA:47,0
DA:51,0
DA:54,0
DA:55,0
DA:56,0
DA:58,0
DA:68,0
DA:70,0
DA:71,0
DA:79,0
DA:80,0
DA:81,0
DA:82,0
DA:84,0
DA:86,0
DA:87,0
DA:94,0
DA:100,0
DA:106,0
DA:107,0
DA:115,0
DA:116,0
DA:117,0
DA:119,0
DA:120,0
DA:127,0
DA:128,0
DA:129,0
DA:130,0
DA:138,0
DA:143,0
DA:144,0
DA:152,0
DA:153,0
DA:154,0
DA:155,0
DA:156,0
DA:157,0
DA:158,0
DA:159,0
DA:161,0
DA:170,0
DA:172,0
DA:173,0
DA:181,0
DA:182,0
DA:183,0
DA:185,0
DA:200,0
DA:204,0
DA:206,0
DA:207,0
DA:215,0
DA:216,0
DA:217,0
DA:218,0
DA:220,0
DA:224,0
DA:226,0
DA:227,0
DA:234,0
LF:81
LH:0
BRDA:12,0,0,0
BRDA:13,1,0,0
BRDA:25,2,0,0
BRDA:29,3,0,0
BRDA:33,4,0,0
BRDA:37,5,0,0
BRDA:42,6,0,0
BRDA:46,7,0,0
BRDA:86,8,0,0
BRDA:119,9,0,0
BRDA:119,10,0,0
BRDA:119,10,1,0
BRDA:129,11,0,0
BRDA:183,12,0,0
BRDA:183,12,1,0
BRDA:217,13,0,0
BRDA:217,13,1,0
BRF:17
BRH:0
end_of_record
TN:
SF:src/routes/personal.ts
FNF:0
FNH:0
DA:1,0
DA:2,0
DA:3,0
DA:4,0
DA:6,0
DA:9,0
DA:12,0
DA:13,0
DA:14,0
DA:15,0
DA:18,0
DA:19,0
DA:22,0
DA:23,0
DA:26,0
DA:27,0
DA:30,0
DA:31,0
DA:34,0
DA:35,0
DA:38,0
DA:39,0
DA:40,0
DA:43,0
DA:44,0
DA:45,0
DA:47,0
LF:27
LH:0
BRF:0
BRH:0
end_of_record
TN:
SF:src/routes/references.ts
FN:22,(anonymous_0)
FN:50,(anonymous_1)
FN:57,(anonymous_2)
FN:62,(anonymous_3)
FN:67,(anonymous_4)
FN:72,(anonymous_5)
FN:76,(anonymous_6)
FN:123,(anonymous_7)
FN:166,(anonymous_8)
FN:181,(anonymous_9)
FN:215,(anonymous_10)
FN:228,(anonymous_11)
FN:253,(anonymous_12)
FNF:13
FNH:0
FNDA:0,(anonymous_0)
FNDA:0,(anonymous_1)
FNDA:0,(anonymous_2)
FNDA:0,(anonymous_3)
FNDA:0,(anonymous_4)
FNDA:0,(anonymous_5)
FNDA:0,(anonymous_6)
FNDA:0,(anonymous_7)
FNDA:0,(anonymous_8)
FNDA:0,(anonymous_9)
FNDA:0,(anonymous_10)
FNDA:0,(anonymous_11)
FNDA:0,(anonymous_12)
DA:1,0
DA:2,0
DA:3,0
DA:4,0
DA:15,0
DA:18,0
DA:23,0
DA:24,0
DA:25,0
DA:26,0
DA:31,0
DA:44,0
DA:46,0
DA:49,0
DA:50,0
DA:51,0
DA:56,0
DA:57,0
DA:61,0
DA:62,0
DA:66,0
DA:67,0
DA:71,0
DA:72,0
DA:76,0
DA:77,0
DA:78,0
DA:80,0
DA:81,0
DA:82,0
DA:85,0
DA:86,0
DA:88,0
DA:93,0
DA:94,0
DA:95,0
DA:97,0
DA:107,0
DA:109,0
DA:113,0
DA:118,0
DA:124,0
DA:125,0
DA:126,0
DA:127,0
DA:132,0
DA:135,0
DA:138,0
DA:146,0
DA:152,0
DA:154,0
DA:158,0
DA:163,0
DA:167,0
DA:168,0
DA:169,0
DA:170,0
DA:175,0
DA:178,0
DA:179,0
DA:181,0
DA:182,0
DA:183,0
DA:187,0
DA:191,0
DA:197,0
DA:202,0
DA:204,0
DA:208,0
DA:213,0
DA:216,0
DA:217,0
DA:218,0
DA:219,0
DA:224,0
DA:227,0
DA:228,0
DA:230,0
DA:231,0
DA:235,0
DA:238,0
DA:239,0
DA:241,0
DA:245,0
DA:250,0
DA:254,0
DA:255,0
DA:256,0
DA:257,0
DA:262,0
DA:265,0
DA:266,0
DA:269,0
DA:296,0
DA:304,0
DA:306,0
DA:310,0
DA:314,0
LF:98
LH:0
BRDA:25,0,0,0
BRDA:35,1,0,0
BRDA:36,2,0,0
BRDA:42,3,0,0
BRDA:43,4,0,0
BRDA:49,5,0,0
BRDA:56,6,0,0
BRDA:61,7,0,0
BRDA:66,8,0,0
BRDA:71,9,0,0
BRDA:80,10,0,0
BRDA:80,11,0,0
BRDA:80,11,1,0
BRDA:85,12,0,0
BRDA:85,12,1,0
BRDA:86,13,0,0
BRDA:86,13,1,0
BRDA:88,14,0,0
BRDA:88,14,1,0
BRDA:126,15,0,0
BRDA:169,16,0,0
BRDA:182,17,0,0
BRDA:218,18,0,0
BRDA:230,19,0,0
BRDA:256,20,0,0
BRDA:266,21,0,0
BRDA:266,21,1,0
BRF:27
BRH:0
end_of_record
TN:
SF:src/routes/reports.ts
FN:54,(anonymous_1)
FN:66,(anonymous_2)
FN:70,(anonymous_3)
FN:98,(anonymous_4)
FN:129,(anonymous_5)
FN:134,(anonymous_6)
FN:181,generateReportData
FN:197,getReportTypeLabel
FN:211,generatePDFContent
FN:216,generateExcelContent
FN:221,generateCSVContent
FNF:11
FNH:0
FNDA:0,(anonymous_1)
FNDA:0,(anonymous_2)
FNDA:0,(anonymous_3)
FNDA:0,(anonymous_4)
FNDA:0,(anonymous_5)
FNDA:0,(anonymous_6)
FNDA:0,generateReportData
FNDA:0,getReportTypeLabel
FNDA:0,generatePDFContent
FNDA:0,generateExcelContent
FNDA:0,generateCSVContent
DA:1,0
DA:2,0
DA:3,0
DA:5,0
DA:8,0
DA:54,0
DA:55,0
DA:60,0
DA:62,0
DA:65,0
DA:66,0
DA:70,0
DA:73,0
DA:74,0
DA:75,0
DA:77,0
DA:87,0
DA:89,0
DA:90,0
DA:98,0
DA:99,0
DA:100,0
DA:101,0
DA:104,0
DA:106,0
DA:115,0
DA:117,0
DA:118,0
DA:120,0
DA:121,0
DA:129,0
DA:130,0
DA:131,0
DA:132,0
DA:134,0
DA:136,0
DA:137,0
DA:144,0
DA:145,0
DA:146,0
DA:148,0
DA:150,0
DA:151,0
DA:152,0
DA:154,0
DA:155,0
DA:156,0
DA:158,0
DA:159,0
DA:160,0
DA:162,0
DA:168,0
DA:169,0
DA:170,0
DA:172,0
DA:173,0
DA:182,0
DA:193,0
DA:198,0
DA:200,0
DA:202,0
DA:204,0
DA:206,0
DA:212,0
DA:217,0
DA:222,0
DA:223,0
DA:231,0
LF:68
LH:0
BRDA:57,0,0,0
BRDA:58,1,0,0
BRDA:65,2,0,0
BRDA:101,3,0,0
BRDA:101,3,1,0
BRDA:132,4,0,0
BRDA:136,5,0,0
BRDA:148,6,0,0
BRDA:148,6,1,0
BRDA:148,6,2,0
BRDA:148,6,3,0
BRDA:198,7,0,0
BRDA:198,7,1,0
BRDA:198,7,2,0
BRDA:198,7,3,0
BRF:15
BRH:0
end_of_record
TN:
SF:src/routes/statistics.ts
FNF:0
FNH:0
DA:1,0
DA:2,0
DA:3,0
DA:5,0
DA:8,0
DA:11,0
DA:14,0
DA:17,0
DA:19,0
LF:9
LH:0
BRF:0
BRH:0
end_of_record
TN:
SF:src/routes/webhooks.ts
FN:13,(anonymous_0)
FN:48,(anonymous_1)
FNF:2
FNH:0
FNDA:0,(anonymous_0)
FNDA:0,(anonymous_1)
DA:1,0
DA:2,0
DA:3,0
DA:6,0
DA:9,0
DA:14,0
DA:15,0
DA:16,0
DA:17,0
DA:22,0
DA:25,0
DA:28,0
DA:36,0
DA:37,0
DA:39,0
DA:43,0
DA:48,0
DA:49,0
DA:51,0
DA:69,0
DA:70,0
DA:72,0
DA:76,0
DA:80,0
LF:24
LH:0
BRDA:16,0,0,0
BRF:1
BRH:0
end_of_record
TN:
SF:src/utils/auth.ts
FN:59,(anonymous_0)
FN:64,(anonymous_1)
FN:68,(anonymous_2)
FN:81,(anonymous_3)
FN:86,(anonymous_4)
FN:94,(anonymous_5)
FNF:6
FNH:6
FNDA:6,(anonymous_0)
FNDA:3,(anonymous_1)
FNDA:2,(anonymous_2)
FNDA:7,(anonymous_3)
FNDA:3,(anonymous_4)
FNDA:5,(anonymous_5)
DA:9,1
DA:10,1
DA:59,1
DA:61,6
DA:64,1
DA:65,3
DA:68,1
DA:70,2
DA:71,2
DA:72,2
DA:78,0
DA:81,1
DA:83,7
DA:86,1
DA:91,3
DA:94,1
DA:95,5
DA:96,3
DA:98,2
LF:19
LH:18
BRDA:9,0,0,1
BRDA:9,0,1,0
BRDA:10,1,0,1
BRDA:10,1,1,0
BRDA:61,2,0,6
BRDA:61,2,1,3
BRDA:70,3,0,2
BRDA:75,4,0,2
BRDA:75,4,1,0
BRDA:95,5,0,3
BRDA:95,6,0,5
BRDA:95,6,1,3
BRF:12
BRH:9
end_of_record
TN:
SF:src/utils/response.ts
FN:3,(anonymous_0)
FN:12,(anonymous_1)
FN:24,(anonymous_2)
FNF:3
FNH:3
FNDA:3,(anonymous_0)
FNDA:3,(anonymous_1)
FNDA:5,(anonymous_2)
DA:3,1
DA:4,3
DA:12,1
DA:13,3
DA:24,1
DA:31,5
LF:6
LH:6
BRDA:18,0,0,3
BRDA:18,0,1,1
BRF:2
BRH:2
end_of_record
